SF:lib/src/config/failure.dart
DA:4,11
DA:10,1
DA:11,2
DA:15,11
LF:4
LH:4
end_of_record
SF:lib/src/config/rest_consumer/api_client.dart
DA:13,1
DA:19,1
DA:23,1
DA:25,3
DA:29,1
DA:33,1
DA:35,2
DA:39,1
DA:40,1
DA:42,2
DA:43,1
DA:50,1
DA:52,1
DA:58,1
DA:61,1
DA:64,1
DA:66,1
DA:70,1
DA:74,1
DA:76,1
DA:82,1
DA:85,1
DA:92,1
LF:23
LH:23
end_of_record
SF:lib/src/config/rest_consumer/api_request.dart
DA:2,2
LF:1
LH:1
end_of_record
SF:lib/src/config/rest_consumer/method_type.dart
DA:6,0
DA:8,0
LF:2
LH:0
end_of_record
SF:lib/src/config/rest_consumer/rest_consumer.dart
DA:20,1
DA:31,1
DA:33,2
DA:37,1
DA:39,2
DA:43,1
DA:45,2
DA:49,1
DA:52,1
DA:53,1
DA:57,1
DA:58,1
DA:59,2
DA:60,1
DA:63,1
DA:64,4
DA:65,1
DA:68,2
DA:71,2
DA:72,2
DA:73,2
DA:74,2
LF:22
LH:22
end_of_record
SF:lib/src/data/datasource/breeds_remote_data_source.dart
DA:13,1
DA:19,1
DA:22,1
DA:23,1
DA:24,1
DA:25,1
DA:27,4
DA:29,1
DA:33,1
DA:36,1
DA:37,1
DA:38,2
DA:39,1
DA:40,1
DA:42,4
DA:44,1
LF:16
LH:16
end_of_record
SF:lib/src/data/models/breed_model.dart
DA:4,5
DA:19,2
DA:20,2
DA:21,2
DA:22,2
DA:23,2
DA:24,2
DA:25,2
DA:26,2
DA:27,2
DA:28,2
DA:29,2
DA:30,2
DA:31,2
DA:32,2
DA:33,2
LF:16
LH:16
end_of_record
SF:lib/src/domain/entities/breed.dart
DA:4,9
DA:32,3
DA:33,3
DA:34,3
DA:35,3
DA:36,3
DA:37,3
DA:38,3
DA:39,3
DA:40,3
DA:41,3
DA:42,3
DA:43,3
DA:44,3
DA:45,3
LF:15
LH:15
end_of_record
SF:lib/src/presentation/components/app_bar/cb_app_bar.dart
DA:6,3
DA:22,1
LF:2
LH:2
end_of_record
SF:lib/src/presentation/components/app_bar/main_app_bar/main_app_bar.dart
DA:9,1
DA:20,1
DA:21,1
DA:22,3
DA:23,3
DA:28,1
DA:29,1
DA:30,1
DA:31,1
LF:9
LH:9
end_of_record
SF:lib/src/presentation/components/app_bar/main_app_bar/widgets/title_widget.dart
DA:4,1
DA:14,1
DA:15,1
DA:17,1
DA:18,1
DA:19,1
DA:20,1
DA:21,3
DA:22,1
DA:23,4
DA:24,1
DA:25,1
DA:31,1
LF:13
LH:13
end_of_record
SF:lib/src/presentation/components/app_bar/secondary_app_bar/secondary_app_bar.dart
DA:9,2
DA:18,2
DA:19,2
DA:20,6
DA:21,6
DA:26,2
DA:27,2
DA:28,2
DA:29,2
LF:9
LH:9
end_of_record
SF:lib/src/presentation/components/app_bar/secondary_app_bar/widgets/title_widget.dart
DA:4,2
DA:12,2
DA:13,2
DA:15,2
DA:16,2
DA:17,2
DA:18,2
DA:19,2
DA:20,0
DA:24,4
DA:26,2
LF:11
LH:10
end_of_record
SF:lib/src/presentation/components/core/underline_decoration.dart
DA:4,14
DA:6,2
DA:7,2
DA:9,2
LF:4
LH:4
end_of_record
SF:lib/src/presentation/components/text/cb_text.dart
DA:5,5
DA:15,1
DA:29,1
DA:35,2
DA:44,4
DA:58,4
DA:64,8
DA:73,1
DA:87,1
DA:93,2
DA:102,1
DA:117,1
DA:123,2
DA:133,2
DA:147,2
DA:153,4
DA:163,2
DA:177,2
DA:183,4
DA:193,2
DA:207,2
DA:213,4
DA:223,1
DA:237,1
DA:243,2
DA:253,3
DA:267,3
DA:273,6
DA:283,1
DA:297,1
DA:303,2
DA:320,5
DA:321,5
DA:322,5
DA:323,5
DA:324,5
DA:325,5
DA:326,5
LF:38
LH:38
end_of_record
SF:lib/src/config/external_url.dart
DA:4,0
DA:5,0
DA:6,0
LF:3
LH:0
end_of_record
SF:lib/src/presentation/components/core/progress_indicator.dart
DA:7,2
DA:12,2
DA:14,2
DA:15,2
DA:16,6
DA:17,2
DA:19,2
DA:22,2
LF:8
LH:8
end_of_record
SF:lib/src/presentation/pages/detail_breed/detail_breed_page.dart
DA:14,1
DA:22,1
DA:24,1
DA:25,3
DA:26,1
DA:28,1
DA:29,1
DA:30,3
DA:32,1
DA:33,1
DA:34,1
DA:35,2
LF:12
LH:12
end_of_record
SF:lib/src/presentation/pages/detail_breed/widgets/detail_info.dart
DA:4,1
DA:8,1
DA:10,1
DA:11,1
DA:12,1
DA:13,1
DA:14,4
DA:15,1
DA:16,1
DA:17,0
DA:18,1
DA:20,3
DA:27,3
DA:28,2
DA:29,1
DA:30,3
DA:31,1
DA:32,3
LF:18
LH:17
end_of_record
SF:lib/src/presentation/pages/detail_breed/widgets/header.dart
DA:4,1
DA:8,1
DA:10,1
DA:12,1
DA:13,1
LF:5
LH:5
end_of_record
SF:lib/src/presentation/pages/detail_breed/widgets/breed_facts.dart
DA:4,1
DA:8,1
DA:10,1
DA:12,1
DA:13,1
DA:14,1
DA:15,5
DA:19,1
DA:20,5
DA:24,1
DA:25,5
DA:29,1
DA:30,5
LF:13
LH:13
end_of_record
SF:lib/src/data/repository/breeds_repository_impl.dart
DA:8,1
DA:14,1
DA:17,3
DA:23,1
DA:26,3
LF:5
LH:5
end_of_record
SF:lib/src/domain/usecases/search_breed_use_case.dart
DA:8,1
DA:14,1
DA:16,2
LF:3
LH:3
end_of_record
SF:lib/src/domain/usecases/use_case.dart
DA:5,2
LF:1
LH:1
end_of_record
SF:lib/src/domain/usecases/get_cat_breeds_use_case.dart
DA:8,1
DA:14,1
DA:16,2
LF:3
LH:3
end_of_record
SF:lib/src/presentation/pages/home/cubit/home_state.dart
DA:4,2
DA:10,1
DA:20,1
DA:25,1
DA:26,0
DA:27,1
DA:28,1
DA:31,1
DA:32,1
DA:33,1
DA:34,1
DA:35,1
DA:38,1
DA:40,2
DA:42,1
DA:43,1
DA:44,1
LF:17
LH:16
end_of_record
SF:lib/src/presentation/pages/home/cubit/home_cubit.dart
DA:12,1
DA:17,2
DA:22,1
DA:23,3
DA:27,2
DA:28,1
DA:29,1
DA:30,1
DA:33,1
DA:34,3
DA:41,3
DA:47,1
DA:48,3
DA:52,1
DA:53,0
DA:57,2
DA:58,1
DA:59,1
DA:60,1
DA:63,1
DA:64,3
DA:71,3
LF:22
LH:21
end_of_record
